<?xml version="1.0" encoding="UTF-8"?>
<testsuites>
    <testsuite name="force.apex" timestamp="2016-10-21T20:16:03-07:00" hostname="https://page-page-8677-dev-ed.cs61.my.salesforce.com" tests="2" failures="0"  errors="0"  time="0.16">
        <properties>
            <property name="outcome" value="Passed"/>
            <property name="testsRan" value="2"/>
            <property name="passing" value="2"/>
            <property name="failing" value="0"/>
            <property name="passRate" value="100%"/>
            <property name="failRate" value="0%"/>
            <property name="testStartTime" value="Oct 21, 2016 8:16 PM"/>
            <property name="testExecutionTime" value="0.16 s"/>
            <property name="testTotalTime" value="0.16 s"/>
            <property name="commandTime" value="3.44 s"/>
            <property name="testRunId" value="7074C000000q0WX"/>
            <property name="hostname" value="https://page-page-8677-dev-ed.cs61.my.salesforce.com"/>
            <property name="orgId" value="00D4C0000000a8mUAA"/>
            <property name="username" value="workspaceorg1477105543108@democompany.com"/>
            <property name="userId" value="0054C000000E9EkQAK"/>
        </properties>
        <testcase name="testFindAll" classname="PropertyControllerTest"  time="0.11">
        </testcase>
        <testcase name="testFindById" classname="PropertyControllerTest"  time="0.05">
        </testcase>
    </testsuite>
</testsuites>
