<?xml version="1.0" encoding="UTF-8"?>
<testsuites>
    <testsuite name="force.apex" timestamp="2016-10-21T20:12:57-07:00" hostname="https://velocity-flow-8893-dev-ed.cs61.my.salesforce.com" tests="2" failures="0"  errors="0"  time="0.24">
        <properties>
            <property name="outcome" value="Passed"/>
            <property name="testsRan" value="2"/>
            <property name="passing" value="2"/>
            <property name="failing" value="0"/>
            <property name="passRate" value="100%"/>
            <property name="failRate" value="0%"/>
            <property name="testStartTime" value="Oct 21, 2016 8:12 PM"/>
            <property name="testExecutionTime" value="0.24 s"/>
            <property name="testTotalTime" value="0.24 s"/>
            <property name="commandTime" value="6.55 s"/>
            <property name="testRunId" value="7074C000000wycB"/>
            <property name="hostname" value="https://velocity-flow-8893-dev-ed.cs61.my.salesforce.com"/>
            <property name="orgId" value="00D4C0000000a9pUAA"/>
            <property name="username" value="testorg1477105940604@democompany.com"/>
            <property name="userId" value="0054C000000YjopQAC"/>
        </properties>
        <testcase name="testFindAll" classname="PropertyControllerTest"  time="0.18">
        </testcase>
        <testcase name="testFindById" classname="PropertyControllerTest"  time="0.06">
        </testcase>
    </testsuite>
</testsuites>
